\BOOKMARK [1][-]{section.1}{\376\377\000I\000n\000l\000e\000i\000d\000i\000n\000g}{}% 1
\BOOKMARK [2][-]{subsection.1.1}{\376\377\000P\000r\000o\000b\000l\000e\000e\000m\000s\000t\000e\000l\000l\000i\000n\000g}{section.1}% 2
\BOOKMARK [2][-]{subsection.1.2}{\376\377\000D\000o\000e\000l\000s\000t\000e\000l\000l\000i\000n\000g}{section.1}% 3
\BOOKMARK [1][-]{section.2}{\376\377\000L\000i\000t\000e\000r\000a\000t\000u\000u\000r\000s\000t\000u\000d\000i\000e}{}% 4
\BOOKMARK [2][-]{subsection.2.1}{\376\377\000D\000N\000S}{section.2}% 5
\BOOKMARK [2][-]{subsection.2.2}{\376\377\000D\000H\000C\000P}{section.2}% 6
\BOOKMARK [2][-]{subsection.2.3}{\376\377\000I\000P\000A\000M}{section.2}% 7
\BOOKMARK [2][-]{subsection.2.4}{\376\377\000H\000T\000T\000P\000/\000H\000T\000T\000P\000S}{section.2}% 8
\BOOKMARK [1][-]{section.3}{\376\377\000M\000e\000t\000h\000o\000d\000o\000l\000o\000g\000i\000e}{}% 9
\BOOKMARK [2][-]{subsection.3.1}{\376\377\000S\000o\000f\000t\000w\000a\000r\000e}{section.3}% 10
\BOOKMARK [2][-]{subsection.3.2}{\376\377\000M\000e\000t\000h\000o\000d\000i\000e\000k\000\040\000s\000c\000r\000i\000p\000t\000s}{section.3}% 11
\BOOKMARK [2][-]{subsection.3.3}{\376\377\000F\000a\000s\000e\000\040\0001\000.\000\040\000A\000n\000a\000l\000y\000s\000e\000\040\000p\000r\000e\000-\000i\000m\000p\000l\000e\000m\000e\000n\000t\000a\000t\000i\000e}{section.3}% 12
\BOOKMARK [2][-]{subsection.3.4}{\376\377\000F\000a\000s\000e\000\040\0002\000.\000\040\000L\000i\000t\000e\000r\000a\000t\000u\000u\000r\000s\000t\000u\000d\000i\000e}{section.3}% 13
\BOOKMARK [2][-]{subsection.3.5}{\376\377\000F\000a\000s\000e\000\040\0003\000.\000\040\000S\000c\000r\000i\000p\000t\000s\000\040\000s\000c\000h\000r\000i\000j\000v\000e\000n}{section.3}% 14
\BOOKMARK [2][-]{subsection.3.6}{\376\377\000F\000a\000s\000e\000\040\0004\000.\000\040\000W\000e\000b\000p\000a\000g\000i\000n\000a\000\040\000s\000c\000h\000r\000i\000j\000v\000e\000n}{section.3}% 15
\BOOKMARK [2][-]{subsection.3.7}{\376\377\000F\000a\000s\000e\000\040\0005\000.\000\040\000A\000n\000a\000l\000y\000s\000e\000\040\000p\000o\000s\000t\000-\000i\000m\000p\000l\000e\000m\000e\000n\000t\000a\000t\000i\000e}{section.3}% 16
\BOOKMARK [2][-]{subsection.3.8}{\376\377\000G\000a\000n\000t\000t\000\040\000s\000t\000a\000p\000p\000e\000n\000p\000l\000a\000n}{section.3}% 17
\BOOKMARK [1][-]{section.4}{\376\377\000V\000e\000r\000w\000a\000c\000h\000t\000e\000\040\000r\000e\000s\000u\000l\000t\000a\000t\000e\000n}{}% 18
\BOOKMARK [1][-]{section.5}{\376\377\000V\000e\000r\000w\000a\000c\000h\000t\000e\000\040\000c\000o\000n\000c\000l\000u\000s\000i\000e}{}% 19
\BOOKMARK [1][-]{section.5}{\376\377\000R\000e\000f\000e\000r\000e\000n\000t\000i\000e\000s}{}% 20
