This is XeTeX, Version 3.141592653-2.6-0.999995 (TeX Live 2023) (preloaded format=xelatex 2023.4.22)  16 FEB 2024 11:49
entering extended mode
 \write18 enabled.
 file:line:error style messages enabled.
 %&-line parsing enabled.
**Voorstel-BP-StijnCoppens-2324
(./Voorstel-BP-StijnCoppens-2324.tex
LaTeX2e <2022-11-01> patch level 1
L3 programming layer <2023-04-20> (./hogent-article.cls
Document Class: hogent-article 2022/09/01 v2.1 Artikel voor gebruik in de oplei
ding toegepaste informatica aan HOGENT
(c:/texlive/2023/texmf-dist/tex/latex/base/article.cls
Document Class: article 2022/07/02 v1.4n Standard LaTeX document class
(c:/texlive/2023/texmf-dist/tex/latex/base/size10.clo
File: size10.clo 2022/07/02 v1.4n Standard LaTeX file (size option)
)
\c@part=\count181
\c@section=\count182
\c@subsection=\count183
\c@subsubsection=\count184
\c@paragraph=\count185
\c@subparagraph=\count186
\c@figure=\count187
\c@table=\count188
\abovecaptionskip=\skip48
\belowcaptionskip=\skip49
\bibindent=\dimen140
)
(c:/texlive/2023/texmf-dist/tex/generic/iftex/ifxetex.sty
Package: ifxetex 2019/10/25 v0.7 ifxetex legacy package. Use iftex instead.

(c:/texlive/2023/texmf-dist/tex/generic/iftex/iftex.sty
Package: iftex 2022/02/03 v1.0f TeX engine tests
))
(c:/texlive/2023/texmf-dist/tex/latex/xkeyval/xkeyval.sty
Package: xkeyval 2022/06/16 v2.9 package option processing (HA)

(c:/texlive/2023/texmf-dist/tex/generic/xkeyval/xkeyval.tex
(c:/texlive/2023/texmf-dist/tex/generic/xkeyval/xkvutils.tex
\XKV@toks=\toks16
\XKV@tempa@toks=\toks17

(c:/texlive/2023/texmf-dist/tex/generic/xkeyval/keyval.tex))
\XKV@depth=\count189
File: xkeyval.tex 2014/12/03 v2.7a key=value parser (HA)
))
(c:/texlive/2023/texmf-dist/tex/generic/babel/babel.sty
Package: babel 2023/04/18 3.88 The Babel package
\babel@savecnt=\count190
\U@D=\dimen141
\l@unhyphenated=\language87

(c:/texlive/2023/texmf-dist/tex/generic/babel/xebabel.def)
\bbl@readstream=\read2
\bbl@dirlevel=\count191

(c:/texlive/2023/texmf-dist/tex/generic/babel-dutch/dutch.ldf
Language: dutch 2021/08/29 v3.8l Dutch support from the babel system
Package babel Info: Making " an active character on input line 127.
))
(c:/texlive/2023/texmf-dist/tex/generic/babel/locale/nl/babel-dutch.tex
Package babel Info: Importing font and identification data for dutch
(babel)             from babel-nl.ini. Reported on input line 11.
)
(c:/texlive/2023/texmf-dist/tex/latex/biblatex/biblatex.sty
Package: biblatex 2023/03/05 v3.19 programmable bibliographies (PK/MW)

(c:/texlive/2023/texmf-dist/tex/generic/pdftexcmds/pdftexcmds.sty
Package: pdftexcmds 2020-06-27 v0.33 Utility functions of pdfTeX for LuaTeX (HO
)

(c:/texlive/2023/texmf-dist/tex/generic/infwarerr/infwarerr.sty
Package: infwarerr 2019/12/03 v1.5 Providing info/warning/error messages (HO)
)
(c:/texlive/2023/texmf-dist/tex/generic/ltxcmds/ltxcmds.sty
Package: ltxcmds 2020-05-10 v1.25 LaTeX kernel commands for general use (HO)
)
Package pdftexcmds Info: \pdf@primitive is available.
Package pdftexcmds Info: \pdf@ifprimitive is available.
Package pdftexcmds Info: \pdfdraftmode not found.
)
(c:/texlive/2023/texmf-dist/tex/latex/etoolbox/etoolbox.sty
Package: etoolbox 2020/10/05 v2.5k e-TeX tools for LaTeX (JAW)
\etb@tempcnta=\count192
)
(c:/texlive/2023/texmf-dist/tex/latex/kvoptions/kvoptions.sty
Package: kvoptions 2022-06-15 v3.15 Key value format for package options (HO)

(c:/texlive/2023/texmf-dist/tex/latex/kvsetkeys/kvsetkeys.sty
Package: kvsetkeys 2022-10-05 v1.19 Key value parser (HO)
))
(c:/texlive/2023/texmf-dist/tex/latex/logreq/logreq.sty
Package: logreq 2010/08/04 v1.0 xml request logger
\lrq@indent=\count193

(c:/texlive/2023/texmf-dist/tex/latex/logreq/logreq.def
File: logreq.def 2010/08/04 v1.0 logreq spec v1.0
))
(c:/texlive/2023/texmf-dist/tex/latex/base/ifthen.sty
Package: ifthen 2022/04/13 v1.1d Standard LaTeX ifthen package (DPC)
)
(c:/texlive/2023/texmf-dist/tex/latex/url/url.sty
\Urlmuskip=\muskip16
Package: url 2013/09/16  ver 3.4  Verb mode for urls, etc.
)
\c@tabx@nest=\count194
\c@listtotal=\count195
\c@listcount=\count196
\c@liststart=\count197
\c@liststop=\count198
\c@citecount=\count199
\c@citetotal=\count266
\c@multicitecount=\count267
\c@multicitetotal=\count268
\c@instcount=\count269
\c@maxnames=\count270
\c@minnames=\count271
\c@maxitems=\count272
\c@minitems=\count273
\c@citecounter=\count274
\c@maxcitecounter=\count275
\c@savedcitecounter=\count276
\c@uniquelist=\count277
\c@uniquename=\count278
\c@refsection=\count279
\c@refsegment=\count280
\c@maxextratitle=\count281
\c@maxextratitleyear=\count282
\c@maxextraname=\count283
\c@maxextradate=\count284
\c@maxextraalpha=\count285
\c@abbrvpenalty=\count286
\c@highnamepenalty=\count287
\c@lownamepenalty=\count288
\c@maxparens=\count289
\c@parenlevel=\count290
\blx@tempcnta=\count291
\blx@tempcntb=\count292
\blx@tempcntc=\count293
\c@blx@maxsection=\count294
\blx@maxsegment@0=\count295
\blx@notetype=\count296
\blx@parenlevel@text=\count297
\blx@parenlevel@foot=\count298
\blx@sectionciteorder@0=\count299
\blx@sectionciteorderinternal@0=\count300
\blx@entrysetcounter=\count301
\blx@biblioinstance=\count302
\labelnumberwidth=\skip50
\labelalphawidth=\skip51
\biblabelsep=\skip52
\bibitemsep=\skip53
\bibnamesep=\skip54
\bibinitsep=\skip55
\bibparsep=\skip56
\bibhang=\skip57
\blx@bcfin=\read3
\blx@bcfout=\write3
\blx@langwohyphens=\language88
\c@mincomprange=\count303
\c@maxcomprange=\count304
\c@mincompwidth=\count305
Package biblatex Info: Trying to load biblatex default data model...
Package biblatex Info: ... file 'blx-dm.def' found.

(c:/texlive/2023/texmf-dist/tex/latex/biblatex/blx-dm.def
File: blx-dm.def 2023/03/05 v3.19 biblatex localization (PK/MW)
)
Package biblatex Info: Trying to load biblatex style data model...
Package biblatex Info: ... file 'apa.dbx' found.

(c:/texlive/2023/texmf-dist/tex/latex/biblatex-apa/apa.dbx
File: apa.dbx 2023/03/20 v9.17 APA biblatex style data model
)
Package biblatex Info: Trying to load biblatex custom data model...
Package biblatex Info: ... file 'biblatex-dm.cfg' not found.
\c@afterword=\count306
\c@savedafterword=\count307
\c@annotator=\count308
\c@savedannotator=\count309
\c@author=\count310
\c@savedauthor=\count311
\c@bookauthor=\count312
\c@savedbookauthor=\count313
\c@commentator=\count314
\c@savedcommentator=\count315
\c@editor=\count316
\c@savededitor=\count317
\c@editora=\count318
\c@savededitora=\count319
\c@editorb=\count320
\c@savededitorb=\count321
\c@editorc=\count322
\c@savededitorc=\count323
\c@foreword=\count324
\c@savedforeword=\count325
\c@holder=\count326
\c@savedholder=\count327
\c@introduction=\count328
\c@savedintroduction=\count329
\c@namea=\count330
\c@savednamea=\count331
\c@nameb=\count332
\c@savednameb=\count333
\c@namec=\count334
\c@savednamec=\count335
\c@translator=\count336
\c@savedtranslator=\count337
\c@shortauthor=\count338
\c@savedshortauthor=\count339
\c@shorteditor=\count340
\c@savedshorteditor=\count341
\c@narrator=\count342
\c@savednarrator=\count343
\c@execproducer=\count344
\c@savedexecproducer=\count345
\c@execdirector=\count346
\c@savedexecdirector=\count347
\c@with=\count348
\c@savedwith=\count349
\c@labelname=\count350
\c@savedlabelname=\count351
\c@institution=\count352
\c@savedinstitution=\count353
\c@lista=\count354
\c@savedlista=\count355
\c@listb=\count356
\c@savedlistb=\count357
\c@listc=\count358
\c@savedlistc=\count359
\c@listd=\count360
\c@savedlistd=\count361
\c@liste=\count362
\c@savedliste=\count363
\c@listf=\count364
\c@savedlistf=\count365
\c@location=\count366
\c@savedlocation=\count367
\c@organization=\count368
\c@savedorganization=\count369
\c@origlocation=\count370
\c@savedoriglocation=\count371
\c@origpublisher=\count372
\c@savedorigpublisher=\count373
\c@publisher=\count374
\c@savedpublisher=\count375
\c@language=\count376
\c@savedlanguage=\count377
\c@origlanguage=\count378
\c@savedoriglanguage=\count379
\c@citation=\count380
\c@savedcitation=\count381
\c@pageref=\count382
\c@savedpageref=\count383
\shorthandwidth=\skip58
\shortjournalwidth=\skip59
\shortserieswidth=\skip60
\shorttitlewidth=\skip61
\shortauthorwidth=\skip62
\shorteditorwidth=\skip63
\locallabelnumberwidth=\skip64
\locallabelalphawidth=\skip65
\localshorthandwidth=\skip66
\localshortjournalwidth=\skip67
\localshortserieswidth=\skip68
\localshorttitlewidth=\skip69
\localshortauthorwidth=\skip70
\localshorteditorwidth=\skip71
Package biblatex Info: Trying to load enhanced support for Unicode engines...
Package biblatex Info: ... file 'blx-unicode.def' found.

(c:/texlive/2023/texmf-dist/tex/latex/biblatex/blx-unicode.def)
Package biblatex Info: Trying to load compatibility code...
Package biblatex Info: ... file 'blx-compat.def' found.

(c:/texlive/2023/texmf-dist/tex/latex/biblatex/blx-compat.def
File: blx-compat.def 2023/03/05 v3.19 biblatex compatibility (PK/MW)
)
Package biblatex Info: Trying to load generic definitions...
Package biblatex Info: ... file 'biblatex.def' found.

(c:/texlive/2023/texmf-dist/tex/latex/biblatex/biblatex.def
File: biblatex.def 2023/03/05 v3.19 biblatex compatibility (PK/MW)
\c@textcitecount=\count384
\c@textcitetotal=\count385
\c@textcitemaxnames=\count386
\c@biburlbigbreakpenalty=\count387
\c@biburlbreakpenalty=\count388
\c@biburlnumpenalty=\count389
\c@biburlucpenalty=\count390
\c@biburllcpenalty=\count391
\biburlbigskip=\muskip17
\biburlnumskip=\muskip18
\biburlucskip=\muskip19
\biburllcskip=\muskip20
\c@smartand=\count392
)
Package biblatex Info: Trying to load bibliography style 'apa'...
Package biblatex Info: ... file 'apa.bbx' found.

(c:/texlive/2023/texmf-dist/tex/latex/biblatex-apa/apa.bbx
File: apa.bbx 2023/03/20 v9.17 APA biblatex references style
Package biblatex Info: Trying to load bibliography style 'standard'...
Package biblatex Info: ... file 'standard.bbx' found.

(c:/texlive/2023/texmf-dist/tex/latex/biblatex/bbx/standard.bbx
File: standard.bbx 2023/03/05 v3.19 biblatex bibliography style (PK/MW)
\c@bbx:relatedcount=\count393
\c@bbx:relatedtotal=\count394
)
Package biblatex Info: Delimiter 'nameyeardelim' in context 'bib' already defin
ed, overwriting.
Package biblatex Info: Delimiter 'nameyeardelim' in context 'biblist' already d
efined, overwriting.
Package biblatex Info: Delimiter 'nonameyeardelim' in context 'bib' already def
ined, overwriting.
Package biblatex Info: Delimiter 'nonameyeardelim' in context 'biblist' already
 defined, overwriting.
)
Package biblatex Info: Trying to load citation style 'apa'...
Package biblatex Info: ... file 'apa.cbx' found.

(c:/texlive/2023/texmf-dist/tex/latex/biblatex-apa/apa.cbx
File: apa.cbx 2023/03/20 v9.17 APA biblatex citation style
Package biblatex Info: Delimiter 'nameyeardelim' in context '' already defined,
 overwriting.
Package biblatex Info: Delimiter 'andothersdelim' in context '' already defined
, overwriting.
Package biblatex Info: Redefining '\fullcite'.
Package biblatex Info: Redefining '\citeauthor'.
Package biblatex Info: Redefining '\citeyear'.
Package biblatex Info: Redefining '\cite'.
Package biblatex Info: Redefining '\cites'.
Package biblatex Info: Redefining '\parencite'.
Package biblatex Info: Redefining '\parencites'.
Package biblatex Info: Redefining '\footcite'.
Package biblatex Info: Redefining '\footcites'.
Package biblatex Info: Redefining '\footcitetext'.
Package biblatex Info: Redefining '\footcitetexts'.
Package biblatex Info: Redefining '\smartcite'.
Package biblatex Info: Redefining '\smartcites'.
Package biblatex Info: Redefining '\textcite'.
Package biblatex Info: Redefining '\textcites'.
)
Package biblatex Info: Trying to load configuration file...
Package biblatex Info: ... file 'biblatex.cfg' found.

(c:/texlive/2023/texmf-dist/tex/latex/biblatex/biblatex.cfg
File: biblatex.cfg 
)
Package biblatex Info: XeTeX detected.
(biblatex)             Assuming input encoding 'utf8'.
Package biblatex Info: Document encoding is UTF8 ....

(c:/texlive/2023/texmf-dist/tex/latex/l3kernel/expl3.sty
Package: expl3 2023-04-20 L3 programming layer (loader) 

(c:/texlive/2023/texmf-dist/tex/latex/l3backend/l3backend-xetex.def
File: l3backend-xetex.def 2023-04-19 L3 backend support: XeTeX
\g__graphics_track_int=\count395
\l__pdf_internal_box=\box51
\g__pdf_backend_object_int=\count396
\g__pdf_backend_annotation_int=\count397
\g__pdf_backend_link_int=\count398
))
Package biblatex Info: ... and expl3
(biblatex)             2023-04-20 L3 programming layer (loader) 
(biblatex)             is new enough (at least 2020/04/06),
(biblatex)             setting 'casechanger=expl3'.

(c:/texlive/2023/texmf-dist/tex/latex/biblatex/blx-case-expl3.sty
(c:/texlive/2023/texmf-dist/tex/latex/l3packages/xparse/xparse.sty
Package: xparse 2023-02-02 L3 Experimental document command parser
)
Package: blx-case-expl3 2023/03/05 v3.19 expl3 case changing code for biblatex
))
\hga@author@cnt=\count399
\hga@email@cnt=\count400

(c:/texlive/2023/texmf-dist/tex/latex/xcolor/xcolor.sty
Package: xcolor 2022/06/12 v2.14 LaTeX color extensions (UK)

(c:/texlive/2023/texmf-dist/tex/latex/graphics-cfg/color.cfg
File: color.cfg 2016/01/02 v1.6 sample color configuration
)
Package xcolor Info: Driver file: xetex.def on input line 227.

(c:/texlive/2023/texmf-dist/tex/latex/graphics-def/xetex.def
File: xetex.def 2022/09/22 v5.0n Graphics/color driver for xetex
)
(c:/texlive/2023/texmf-dist/tex/latex/graphics/mathcolor.ltx)
Package xcolor Info: Model `cmy' substituted by `cmy0' on input line 1353.
Package xcolor Info: Model `RGB' extended on input line 1369.
Package xcolor Info: Model `HTML' substituted by `rgb' on input line 1371.
Package xcolor Info: Model `Hsb' substituted by `hsb' on input line 1372.
Package xcolor Info: Model `tHsb' substituted by `hsb' on input line 1373.
Package xcolor Info: Model `HSB' substituted by `hsb' on input line 1374.
Package xcolor Info: Model `Gray' substituted by `gray' on input line 1375.
Package xcolor Info: Model `wave' substituted by `hsb' on input line 1376.
)
(c:/texlive/2023/texmf-dist/tex/latex/fontspec/fontspec.sty
Package: fontspec 2022/01/15 v2.8a Font selection for XeLaTeX and LuaLaTeX

(c:/texlive/2023/texmf-dist/tex/latex/fontspec/fontspec-xetex.sty
Package: fontspec-xetex 2022/01/15 v2.8a Font selection for XeLaTeX and LuaLaTe
X
\l__fontspec_script_int=\count401
\l__fontspec_language_int=\count402
\l__fontspec_strnum_int=\count403
\l__fontspec_tmp_int=\count404
\l__fontspec_tmpa_int=\count405
\l__fontspec_tmpb_int=\count406
\l__fontspec_tmpc_int=\count407
\l__fontspec_em_int=\count408
\l__fontspec_emdef_int=\count409
\l__fontspec_strong_int=\count410
\l__fontspec_strongdef_int=\count411
\l__fontspec_tmpa_dim=\dimen142
\l__fontspec_tmpb_dim=\dimen143
\l__fontspec_tmpc_dim=\dimen144

(c:/texlive/2023/texmf-dist/tex/latex/base/fontenc.sty
Package: fontenc 2021/04/29 v2.0v Standard LaTeX package
)
(c:/texlive/2023/texmf-dist/tex/latex/fontspec/fontspec.cfg)))
(c:/texlive/2023/texmf-dist/tex/latex/unicode-math/unicode-math.sty
Package: unicode-math 2020/01/31 v0.8q Unicode maths in XeLaTeX and LuaLaTeX

(c:/texlive/2023/texmf-dist/tex/latex/unicode-math/unicode-math-xetex.sty
Package: unicode-math-xetex 2020/01/31 v0.8q Unicode maths in XeLaTeX and LuaLa
TeX

(c:/texlive/2023/texmf-dist/tex/latex/l3packages/l3keys2e/l3keys2e.sty
Package: l3keys2e 2023-02-02 LaTeX2e option processing using LaTeX3 keys
)
(c:/texlive/2023/texmf-dist/tex/latex/base/fix-cm.sty
Package: fix-cm 2020/11/24 v1.1t fixes to LaTeX

(c:/texlive/2023/texmf-dist/tex/latex/base/ts1enc.def
File: ts1enc.def 2001/06/05 v3.0e (jk/car/fm) Standard LaTeX file
LaTeX Font Info:    Redeclaring font encoding TS1 on input line 47.
))
(c:/texlive/2023/texmf-dist/tex/latex/amsmath/amsmath.sty
Package: amsmath 2022/04/08 v2.17n AMS math features
\@mathmargin=\skip72

For additional information on amsmath, use the `?' option.
(c:/texlive/2023/texmf-dist/tex/latex/amsmath/amstext.sty
Package: amstext 2021/08/26 v2.01 AMS text

(c:/texlive/2023/texmf-dist/tex/latex/amsmath/amsgen.sty
File: amsgen.sty 1999/11/30 v2.0 generic functions
\@emptytoks=\toks18
\ex@=\dimen145
))
(c:/texlive/2023/texmf-dist/tex/latex/amsmath/amsbsy.sty
Package: amsbsy 1999/11/29 v1.2d Bold Symbols
\pmbraise@=\dimen146
)
(c:/texlive/2023/texmf-dist/tex/latex/amsmath/amsopn.sty
Package: amsopn 2022/04/08 v2.04 operator names
)
\inf@bad=\count412
LaTeX Info: Redefining \frac on input line 234.
\uproot@=\count413
\leftroot@=\count414
LaTeX Info: Redefining \overline on input line 399.
LaTeX Info: Redefining \colon on input line 410.
\classnum@=\count415
\DOTSCASE@=\count416
LaTeX Info: Redefining \ldots on input line 496.
LaTeX Info: Redefining \dots on input line 499.
LaTeX Info: Redefining \cdots on input line 620.
\Mathstrutbox@=\box52
\strutbox@=\box53
LaTeX Info: Redefining \big on input line 722.
LaTeX Info: Redefining \Big on input line 723.
LaTeX Info: Redefining \bigg on input line 724.
LaTeX Info: Redefining \Bigg on input line 725.
\big@size=\dimen147
LaTeX Font Info:    Redeclaring font encoding OML on input line 743.
LaTeX Font Info:    Redeclaring font encoding OMS on input line 744.
\macc@depth=\count417
LaTeX Info: Redefining \bmod on input line 905.
LaTeX Info: Redefining \pmod on input line 910.
LaTeX Info: Redefining \smash on input line 940.
LaTeX Info: Redefining \relbar on input line 970.
LaTeX Info: Redefining \Relbar on input line 971.
\c@MaxMatrixCols=\count418
\dotsspace@=\muskip21
\c@parentequation=\count419
\dspbrk@lvl=\count420
\tag@help=\toks19
\row@=\count421
\column@=\count422
\maxfields@=\count423
\andhelp@=\toks20
\eqnshift@=\dimen148
\alignsep@=\dimen149
\tagshift@=\dimen150
\tagwidth@=\dimen151
\totwidth@=\dimen152
\lineht@=\dimen153
\@envbody=\toks21
\multlinegap=\skip73
\multlinetaggap=\skip74
\mathdisplay@stack=\toks22
LaTeX Info: Redefining \[ on input line 2953.
LaTeX Info: Redefining \] on input line 2954.
)
\g__um_fam_int=\count424
\g__um_fonts_used_int=\count425
\l__um_primecount_int=\count426
\g__um_primekern_muskip=\muskip22

(c:/texlive/2023/texmf-dist/tex/latex/unicode-math/unicode-math-table.tex)))
(c:/texlive/2023/texmf-dist/tex/latex/montserrat/montserrat.fontspec)
(c:/texlive/2023/texmf-dist/tex/latex/montserrat/montserrat.fontspec)
(c:/texlive/2023/texmf-dist/tex/latex/montserrat/montserrat.fontspec)

Package fontspec Info: Font family 'Montserrat(0)' created for font
(fontspec)             'Montserrat' with options [BoldFont={Montserrat
(fontspec)             Black}].
(fontspec)              
(fontspec)              This font family consists of the following NFSS
(fontspec)             series/shapes:
(fontspec)              
(fontspec)             - 'normal' (m/n) with NFSS spec.:
(fontspec)             <->"Montserrat/OT:script=latn;language=dflt;"
(fontspec)             - 'small caps'  (m/sc) with NFSS spec.:
(fontspec)             <->"Montserrat/OT:script=latn;language=dflt;+smcp;"
(fontspec)             - 'bold' (b/n) with NFSS spec.: <->"Montserrat
(fontspec)             Black/OT:script=latn;language=dflt;"
(fontspec)             - 'bold small caps'  (b/sc) with NFSS spec.:
(fontspec)             <->"Montserrat
(fontspec)             Black/OT:script=latn;language=dflt;+smcp;"
(fontspec)             - 'italic' (m/it) with NFSS spec.:
(fontspec)             <->"Montserrat/I/OT:script=latn;language=dflt;"
(fontspec)             - 'italic small caps'  (m/scit) with NFSS spec.:
(fontspec)             <->"Montserrat/I/OT:script=latn;language=dflt;+smcp;"
(fontspec)             - 'bold italic' (b/it) with NFSS spec.: <->"Montserrat
(fontspec)             Black/I/OT:script=latn;language=dflt;"
(fontspec)             - 'bold italic small caps'  (b/scit) with NFSS spec.:
(fontspec)             <->"Montserrat
(fontspec)             Black/I/OT:script=latn;language=dflt;+smcp;"


(c:/texlive/2023/texmf-dist/tex/latex/montserrat/montserrat.fontspec)
(c:/texlive/2023/texmf-dist/tex/latex/montserrat/montserrat.fontspec)
(c:/texlive/2023/texmf-dist/tex/latex/montserrat/montserrat.fontspec)

Package fontspec Info: Font family 'Montserrat(1)' created for font
(fontspec)             'Montserrat' with options [BoldFont={Montserrat
(fontspec)             ExtraBold}].
(fontspec)              
(fontspec)              This font family consists of the following NFSS
(fontspec)             series/shapes:
(fontspec)              
(fontspec)             - 'normal' (m/n) with NFSS spec.:
(fontspec)             <->"Montserrat/OT:script=latn;language=dflt;"
(fontspec)             - 'small caps'  (m/sc) with NFSS spec.:
(fontspec)             <->"Montserrat/OT:script=latn;language=dflt;+smcp;"
(fontspec)             - 'bold' (b/n) with NFSS spec.: <->"Montserrat
(fontspec)             ExtraBold/OT:script=latn;language=dflt;"
(fontspec)             - 'bold small caps'  (b/sc) with NFSS spec.:
(fontspec)             <->"Montserrat
(fontspec)             ExtraBold/OT:script=latn;language=dflt;+smcp;"
(fontspec)             - 'italic' (m/it) with NFSS spec.:
(fontspec)             <->"Montserrat/I/OT:script=latn;language=dflt;"
(fontspec)             - 'italic small caps'  (m/scit) with NFSS spec.:
(fontspec)             <->"Montserrat/I/OT:script=latn;language=dflt;+smcp;"
(fontspec)             - 'bold italic' (b/it) with NFSS spec.: <->"Montserrat
(fontspec)             ExtraBold/I/OT:script=latn;language=dflt;"
(fontspec)             - 'bold italic small caps'  (b/scit) with NFSS spec.:
(fontspec)             <->"Montserrat
(fontspec)             ExtraBold/I/OT:script=latn;language=dflt;+smcp;"


(c:/texlive/2023/texmf-dist/tex/latex/montserrat/montserrat.fontspec)
(c:/texlive/2023/texmf-dist/tex/latex/montserrat/montserrat.fontspec)
(c:/texlive/2023/texmf-dist/tex/latex/montserrat/montserrat.fontspec)

Package fontspec Info: Font family 'Montserrat(2)' created for font
(fontspec)             'Montserrat' with options [Ligatures=TeX].
(fontspec)              
(fontspec)              This font family consists of the following NFSS
(fontspec)             series/shapes:
(fontspec)              
(fontspec)             - 'normal' (m/n) with NFSS spec.:
(fontspec)             <->"Montserrat/OT:script=latn;language=dflt;mapping=tex-
text;"
(fontspec)             - 'small caps'  (m/sc) with NFSS spec.:
(fontspec)             <->"Montserrat/OT:script=latn;language=dflt;+smcp;mappin
g=tex-text;"
(fontspec)             - 'bold' (b/n) with NFSS spec.:
(fontspec)             <->"Montserrat/B/OT:script=latn;language=dflt;mapping=te
x-text;"
(fontspec)             - 'bold small caps'  (b/sc) with NFSS spec.:
(fontspec)             <->"Montserrat/B/OT:script=latn;language=dflt;+smcp;mapp
ing=tex-text;"
(fontspec)             - 'italic' (m/it) with NFSS spec.:
(fontspec)             <->"Montserrat/I/OT:script=latn;language=dflt;mapping=te
x-text;"
(fontspec)             - 'italic small caps'  (m/scit) with NFSS spec.:
(fontspec)             <->"Montserrat/I/OT:script=latn;language=dflt;+smcp;mapp
ing=tex-text;"
(fontspec)             - 'bold italic' (b/it) with NFSS spec.:
(fontspec)             <->"Montserrat/BI/OT:script=latn;language=dflt;mapping=t
ex-text;"
(fontspec)             - 'bold italic small caps'  (b/scit) with NFSS spec.:
(fontspec)             <->"Montserrat/BI/OT:script=latn;language=dflt;+smcp;map
ping=tex-text;"


(c:/texlive/2023/texmf-dist/tex/latex/montserrat/montserrat.fontspec)
(c:/texlive/2023/texmf-dist/tex/latex/montserrat/montserrat.fontspec)
(c:/texlive/2023/texmf-dist/tex/latex/montserrat/montserrat.fontspec)

Package fontspec Info: Font family 'Montserrat(3)' created for font
(fontspec)             'Montserrat' with options [].
(fontspec)              
(fontspec)              This font family consists of the following NFSS
(fontspec)             series/shapes:
(fontspec)              
(fontspec)             - 'normal' (m/n) with NFSS spec.:
(fontspec)             <->"Montserrat/OT:script=latn;language=dflt;"
(fontspec)             - 'small caps'  (m/sc) with NFSS spec.:
(fontspec)             <->"Montserrat/OT:script=latn;language=dflt;+smcp;"
(fontspec)             - 'bold' (b/n) with NFSS spec.:
(fontspec)             <->"Montserrat/B/OT:script=latn;language=dflt;"
(fontspec)             - 'bold small caps'  (b/sc) with NFSS spec.:
(fontspec)             <->"Montserrat/B/OT:script=latn;language=dflt;+smcp;"
(fontspec)             - 'italic' (m/it) with NFSS spec.:
(fontspec)             <->"Montserrat/I/OT:script=latn;language=dflt;"
(fontspec)             - 'italic small caps'  (m/scit) with NFSS spec.:
(fontspec)             <->"Montserrat/I/OT:script=latn;language=dflt;+smcp;"
(fontspec)             - 'bold italic' (b/it) with NFSS spec.:
(fontspec)             <->"Montserrat/BI/OT:script=latn;language=dflt;"
(fontspec)             - 'bold italic small caps'  (b/scit) with NFSS spec.:
(fontspec)             <->"Montserrat/BI/OT:script=latn;language=dflt;+smcp;"

LaTeX Font Info:    Overwriting math alphabet `\mathrm' in version `normal'
(Font)                  OT1/cmr/m/n --> TU/Montserrat(3)/m/n on input line 243.

LaTeX Font Info:    Overwriting math alphabet `\mathit' in version `normal'
(Font)                  OT1/cmr/m/it --> TU/Montserrat(3)/m/it on input line 24
3.
LaTeX Font Info:    Overwriting math alphabet `\mathbf' in version `normal'
(Font)                  OT1/cmr/bx/n --> TU/Montserrat(3)/b/n on input line 243
.

Package fontspec Info: Could not resolve font "Fira Math/B" (it probably
(fontspec)             doesn't exist).


Package fontspec Info: Font family 'FiraMath(0)' created for font 'Fira Math'
(fontspec)             with options
(fontspec)             [BoldItalicFont={},ItalicFont={},SmallCapsFont={},Script
=Math].
(fontspec)              
(fontspec)              This font family consists of the following NFSS
(fontspec)             series/shapes:
(fontspec)              
(fontspec)             - 'normal' (m/n) with NFSS spec.: <->"Fira
(fontspec)             Math/OT:script=math;language=dflt;"
(fontspec)             - 'small caps'  (m/sc) with NFSS spec.: 


Package fontspec Info: Could not resolve font "Fira Math/B" (it probably
(fontspec)             doesn't exist).


Package fontspec Info: Font family 'FiraMath(1)' created for font 'Fira Math'
(fontspec)             with options
(fontspec)             [BoldItalicFont={},ItalicFont={},SmallCapsFont={},Script
=Math,SizeFeatures={{Size=8.6-},{Size=6.5-8.6,Font=Fira
(fontspec)             Math,Style=MathScript},{Size=-6.5,Font=Fira
(fontspec)             Math,Style=MathScriptScript}}].
(fontspec)              
(fontspec)              This font family consists of the following NFSS
(fontspec)             series/shapes:
(fontspec)              
(fontspec)             - 'normal' (m/n) with NFSS spec.: <8.6->"Fira
(fontspec)             Math/OT:script=math;language=dflt;"<6.5-8.6>"Fira
(fontspec)             Math/OT:script=math;language=dflt;+ssty=0;"<-6.5>"Fira
(fontspec)             Math/OT:script=math;language=dflt;+ssty=1;"
(fontspec)             - 'small caps'  (m/sc) with NFSS spec.: 

LaTeX Font Info:    Encoding `OT1' has changed to `TU' for symbol font
(Font)              `operators' in the math version `normal' on input line 244.

LaTeX Font Info:    Overwriting symbol font `operators' in version `normal'
(Font)                  OT1/cmr/m/n --> TU/FiraMath(1)/m/n on input line 244.
LaTeX Font Info:    Encoding `OT1' has changed to `TU' for symbol font
(Font)              `operators' in the math version `bold' on input line 244.
LaTeX Font Info:    Overwriting symbol font `operators' in version `bold'
(Font)                  OT1/cmr/bx/n --> TU/FiraMath(1)/b/n on input line 244.

Package fontspec Info: Fira Math scale = 1.0001.


Package fontspec Info: Could not resolve font "Fira Math/B" (it probably
(fontspec)             doesn't exist).


Package fontspec Info: Fira Math scale = 1.0001.


Package fontspec Info: Fira Math scale = 1.0001.


Package fontspec Info: Fira Math scale = 1.0001.


Package fontspec Info: Font family 'FiraMath(2)' created for font 'Fira Math'
(fontspec)             with options
(fontspec)             [BoldItalicFont={},ItalicFont={},SmallCapsFont={},Script
=Math,SizeFeatures={{Size=8.6-},{Size=6.5-8.6,Font=Fira
(fontspec)             Math,Style=MathScript},{Size=-6.5,Font=Fira
(fontspec)             Math,Style=MathScriptScript}},ScaleAgain=1.0001,FontAdju
stment={\fontdimen
(fontspec)             8\font =5.8pt\relax \fontdimen 9\font =4.5pt\relax
(fontspec)             \fontdimen 10\font =4.5pt\relax \fontdimen 11\font
(fontspec)             =7.0pt\relax \fontdimen 12\font =4.8pt\relax \fontdimen
(fontspec)             13\font =4.0pt\relax \fontdimen 14\font =4.0pt\relax
(fontspec)             \fontdimen 15\font =2.7pt\relax \fontdimen 16\font
(fontspec)             =3.5pt\relax \fontdimen 17\font =3.5pt\relax \fontdimen
(fontspec)             18\font =3.6pt\relax \fontdimen 19\font =2.5pt\relax
(fontspec)             \fontdimen 22\font =2.8pt\relax \fontdimen 20\font
(fontspec)             =0pt\relax \fontdimen 21\font =0pt\relax }].
(fontspec)              
(fontspec)              This font family consists of the following NFSS
(fontspec)             series/shapes:
(fontspec)              
(fontspec)             - 'normal' (m/n) with NFSS spec.: <8.6->s*[1.0001]"Fira
(fontspec)             Math/OT:script=math;language=dflt;"<6.5-8.6>s*[1.0001]"F
ira
(fontspec)             Math/OT:script=math;language=dflt;+ssty=0;"<-6.5>s*[1.00
01]"Fira
(fontspec)             Math/OT:script=math;language=dflt;+ssty=1;"
(fontspec)             - 'small caps'  (m/sc) with NFSS spec.: 
(fontspec)             and font adjustment code:
(fontspec)             \fontdimen 8\font =5.8pt\relax \fontdimen 9\font
(fontspec)             =4.5pt\relax \fontdimen 10\font =4.5pt\relax \fontdimen
(fontspec)             11\font =7.0pt\relax \fontdimen 12\font =4.8pt\relax
(fontspec)             \fontdimen 13\font =4.0pt\relax \fontdimen 14\font
(fontspec)             =4.0pt\relax \fontdimen 15\font =2.7pt\relax \fontdimen
(fontspec)             16\font =3.5pt\relax \fontdimen 17\font =3.5pt\relax
(fontspec)             \fontdimen 18\font =3.6pt\relax \fontdimen 19\font
(fontspec)             =2.5pt\relax \fontdimen 22\font =2.8pt\relax \fontdimen
(fontspec)             20\font =0pt\relax \fontdimen 21\font =0pt\relax 

LaTeX Font Info:    Encoding `OMS' has changed to `TU' for symbol font
(Font)              `symbols' in the math version `normal' on input line 244.
LaTeX Font Info:    Overwriting symbol font `symbols' in version `normal'
(Font)                  OMS/cmsy/m/n --> TU/FiraMath(2)/m/n on input line 244.
LaTeX Font Info:    Encoding `OMS' has changed to `TU' for symbol font
(Font)              `symbols' in the math version `bold' on input line 244.
LaTeX Font Info:    Overwriting symbol font `symbols' in version `bold'
(Font)                  OMS/cmsy/b/n --> TU/FiraMath(2)/b/n on input line 244.

Package fontspec Info: Fira Math scale = 0.9999.


Package fontspec Info: Could not resolve font "Fira Math/B" (it probably
(fontspec)             doesn't exist).


Package fontspec Info: Fira Math scale = 0.9999.


Package fontspec Info: Fira Math scale = 0.9999.


Package fontspec Info: Fira Math scale = 0.9999.


Package fontspec Info: Font family 'FiraMath(3)' created for font 'Fira Math'
(fontspec)             with options
(fontspec)             [BoldItalicFont={},ItalicFont={},SmallCapsFont={},Script
=Math,SizeFeatures={{Size=8.6-},{Size=6.5-8.6,Font=Fira
(fontspec)             Math,Style=MathScript},{Size=-6.5,Font=Fira
(fontspec)             Math,Style=MathScriptScript}},ScaleAgain=0.9999,FontAdju
stment={\fontdimen
(fontspec)             8\font =0.76pt\relax \fontdimen 9\font =1.5pt\relax
(fontspec)             \fontdimen 10\font =1.5pt\relax \fontdimen 11\font
(fontspec)             =1.5pt\relax \fontdimen 12\font =6.0pt\relax \fontdimen
(fontspec)             13\font =0pt\relax }].
(fontspec)              
(fontspec)              This font family consists of the following NFSS
(fontspec)             series/shapes:
(fontspec)              
(fontspec)             - 'normal' (m/n) with NFSS spec.: <8.6->s*[0.9999]"Fira
(fontspec)             Math/OT:script=math;language=dflt;"<6.5-8.6>s*[0.9999]"F
ira
(fontspec)             Math/OT:script=math;language=dflt;+ssty=0;"<-6.5>s*[0.99
99]"Fira
(fontspec)             Math/OT:script=math;language=dflt;+ssty=1;"
(fontspec)             - 'small caps'  (m/sc) with NFSS spec.: 
(fontspec)             and font adjustment code:
(fontspec)             \fontdimen 8\font =0.76pt\relax \fontdimen 9\font
(fontspec)             =1.5pt\relax \fontdimen 10\font =1.5pt\relax \fontdimen
(fontspec)             11\font =1.5pt\relax \fontdimen 12\font =6.0pt\relax
(fontspec)             \fontdimen 13\font =0pt\relax 

LaTeX Font Info:    Encoding `OMX' has changed to `TU' for symbol font
(Font)              `largesymbols' in the math version `normal' on input line 2
44.
LaTeX Font Info:    Overwriting symbol font `largesymbols' in version `normal'
(Font)                  OMX/cmex/m/n --> TU/FiraMath(3)/m/n on input line 244.
LaTeX Font Info:    Encoding `OMX' has changed to `TU' for symbol font
(Font)              `largesymbols' in the math version `bold' on input line 244
.
LaTeX Font Info:    Overwriting symbol font `largesymbols' in version `bold'
(Font)                  OMX/cmex/m/n --> TU/FiraMath(3)/b/n on input line 244.


./hogent-article.cls:245: Package fontspec Error: The font "Fira Code" cannot b
e found.

For immediate help type H <return>.
 ...                                              
                                                  
l.245 
      

A font might not be found for many reasons.
 Check the spelling, where the font is installed etc. etc.

 When in doubt, ask someone for help!



Package fontspec Info: Could not resolve font "Fira Code/BI" (it probably
(fontspec)             doesn't exist).


Package fontspec Info: Could not resolve font "Fira Code/B" (it probably
(fontspec)             doesn't exist).


Package fontspec Info: Could not resolve font "Fira Code/I" (it probably
(fontspec)             doesn't exist).


./hogent-article.cls:245: Package fontspec Error: The font "Fira Code" cannot b
e found.

For immediate help type H <return>.
 ...                                              
                                                  
l.245 
      

A font might not be found for many reasons.
 Check the spelling, where the font is installed etc. etc.

 When in doubt, ask someone for help!



./hogent-article.cls:245: Package fontspec Error: The font "Fira Code" cannot b
e found.

For immediate help type H <return>.
 ...                                              
                                                  
l.245 
      

A font might not be found for many reasons.
 Check the spelling, where the font is installed etc. etc.

 When in doubt, ask someone for help!



Package fontspec Info: Font family 'FiraCode(0)' created for font 'Fira Code'
(fontspec)             with options
(fontspec)             [WordSpace={1,0,0},HyphenChar=None,PunctuationSpace=Word
Space].
(fontspec)              
(fontspec)              This font family consists of the following NFSS
(fontspec)             series/shapes:
(fontspec)              
(fontspec)             - 'normal' (m/n) with NFSS spec.: <->"Fira Code"
(fontspec)             - 'small caps'  (m/sc) with NFSS spec.: <->"Fira Code"
(fontspec)             and font adjustment code:
(fontspec)             \fontdimen 2\font =1\fontdimen 2\font \fontdimen 3\font
(fontspec)             =0\fontdimen 3\font \fontdimen 4\font =0\fontdimen
(fontspec)             4\font \fontdimen 7\font =0\fontdimen 2\font
(fontspec)             \tex_hyphenchar:D \font =-1\scan_stop: 


./hogent-article.cls:245: Package fontspec Error: The font "Fira Code" cannot b
e found.

For immediate help type H <return>.
 ...                                              
                                                  
l.245 
      

A font might not be found for many reasons.
 Check the spelling, where the font is installed etc. etc.

 When in doubt, ask someone for help!



Package fontspec Info: Could not resolve font "Fira Code/BI" (it probably
(fontspec)             doesn't exist).


Package fontspec Info: Could not resolve font "Fira Code/B" (it probably
(fontspec)             doesn't exist).


Package fontspec Info: Could not resolve font "Fira Code/I" (it probably
(fontspec)             doesn't exist).


./hogent-article.cls:245: Package fontspec Error: The font "Fira Code" cannot b
e found.

For immediate help type H <return>.
 ...                                              
                                                  
l.245 
      

A font might not be found for many reasons.
 Check the spelling, where the font is installed etc. etc.

 When in doubt, ask someone for help!



./hogent-article.cls:245: Package fontspec Error: The font "Fira Code" cannot b
e found.

For immediate help type H <return>.
 ...                                              
                                                  
l.245 
      

A font might not be found for many reasons.
 Check the spelling, where the font is installed etc. etc.

 When in doubt, ask someone for help!



Package fontspec Info: Font family 'FiraCode(1)' created for font 'Fira Code'
(fontspec)             with options [].
(fontspec)              
(fontspec)              This font family consists of the following NFSS
(fontspec)             series/shapes:
(fontspec)              
(fontspec)             - 'normal' (m/n) with NFSS spec.: <->"Fira Code"
(fontspec)             - 'small caps'  (m/sc) with NFSS spec.: <->"Fira Code"

LaTeX Font Info:    Overwriting math alphabet `\mathtt' in version `normal'
(Font)                  OT1/cmtt/m/n --> TU/FiraCode(1)/m/n on input line 245.
LaTeX Font Info:    Overwriting math alphabet `\mathtt' in version `bold'
(Font)                  OT1/cmtt/m/n --> TU/FiraCode(1)/b/n on input line 245.
(c:/texlive/2023/texmf-dist/tex/latex/geometry/geometry.sty
Package: geometry 2020/01/02 v5.9 Page Geometry

(c:/texlive/2023/texmf-dist/tex/generic/iftex/ifvtex.sty
Package: ifvtex 2019/10/25 v1.7 ifvtex legacy package. Use iftex instead.
)
\Gm@cnth=\count427
\Gm@cntv=\count428
\c@Gm@tempcnt=\count429
\Gm@bindingoffset=\dimen154
\Gm@wd@mp=\dimen155
\Gm@odd@mp=\dimen156
\Gm@even@mp=\dimen157
\Gm@layoutwidth=\dimen158
\Gm@layoutheight=\dimen159
\Gm@layouthoffset=\dimen160
\Gm@layoutvoffset=\dimen161
\Gm@dimlist=\toks23
)
(c:/texlive/2023/texmf-dist/tex/latex/mdframed/mdframed.sty
Package: mdframed 2013/07/01 1.9b: mdframed

(c:/texlive/2023/texmf-dist/tex/latex/zref/zref-abspage.sty
Package: zref-abspage 2022-04-07 v2.34 Module abspage for zref (HO)

(c:/texlive/2023/texmf-dist/tex/latex/zref/zref-base.sty
Package: zref-base 2022-04-07 v2.34 Module base for zref (HO)

(c:/texlive/2023/texmf-dist/tex/generic/kvdefinekeys/kvdefinekeys.sty
Package: kvdefinekeys 2019-12-19 v1.6 Define keys (HO)
)
(c:/texlive/2023/texmf-dist/tex/generic/etexcmds/etexcmds.sty
Package: etexcmds 2019/12/15 v1.7 Avoid name clashes with e-TeX commands (HO)
)
(c:/texlive/2023/texmf-dist/tex/latex/auxhook/auxhook.sty
Package: auxhook 2019-12-17 v1.6 Hooks for auxiliary files (HO)
)
Package zref Info: New property list: main on input line 767.
Package zref Info: New property: default on input line 768.
Package zref Info: New property: page on input line 769.
)
(c:/texlive/2023/texmf-dist/tex/latex/base/atbegshi-ltx.sty
Package: atbegshi-ltx 2021/01/10 v1.0c Emulation of the original atbegshi
package with kernel methods
)
\c@abspage=\count430
Package zref Info: New property: abspage on input line 65.
)
(c:/texlive/2023/texmf-dist/tex/latex/needspace/needspace.sty
Package: needspace 2010/09/12 v1.3d reserve vertical space
)
\mdf@templength=\skip75
\c@mdf@globalstyle@cnt=\count431
\mdf@skipabove@length=\skip76
\mdf@skipbelow@length=\skip77
\mdf@leftmargin@length=\skip78
\mdf@rightmargin@length=\skip79
\mdf@innerleftmargin@length=\skip80
\mdf@innerrightmargin@length=\skip81
\mdf@innertopmargin@length=\skip82
\mdf@innerbottommargin@length=\skip83
\mdf@splittopskip@length=\skip84
\mdf@splitbottomskip@length=\skip85
\mdf@outermargin@length=\skip86
\mdf@innermargin@length=\skip87
\mdf@linewidth@length=\skip88
\mdf@innerlinewidth@length=\skip89
\mdf@middlelinewidth@length=\skip90
\mdf@outerlinewidth@length=\skip91
\mdf@roundcorner@length=\skip92
\mdf@footenotedistance@length=\skip93
\mdf@userdefinedwidth@length=\skip94
\mdf@needspace@length=\skip95
\mdf@frametitleaboveskip@length=\skip96
\mdf@frametitlebelowskip@length=\skip97
\mdf@frametitlerulewidth@length=\skip98
\mdf@frametitleleftmargin@length=\skip99
\mdf@frametitlerightmargin@length=\skip100
\mdf@shadowsize@length=\skip101
\mdf@extratopheight@length=\skip102
\mdf@subtitleabovelinewidth@length=\skip103
\mdf@subtitlebelowlinewidth@length=\skip104
\mdf@subtitleaboveskip@length=\skip105
\mdf@subtitlebelowskip@length=\skip106
\mdf@subtitleinneraboveskip@length=\skip107
\mdf@subtitleinnerbelowskip@length=\skip108
\mdf@subsubtitleabovelinewidth@length=\skip109
\mdf@subsubtitlebelowlinewidth@length=\skip110
\mdf@subsubtitleaboveskip@length=\skip111
\mdf@subsubtitlebelowskip@length=\skip112
\mdf@subsubtitleinneraboveskip@length=\skip113
\mdf@subsubtitleinnerbelowskip@length=\skip114

(c:/texlive/2023/texmf-dist/tex/latex/mdframed/md-frame-0.mdf
File: md-frame-0.mdf 2013/07/01\ 1.9b: md-frame-0
)
\mdf@frametitlebox=\box54
\mdf@footnotebox=\box55
\mdf@splitbox@one=\box56
\mdf@splitbox@two=\box57
\mdf@splitbox@save=\box58
\mdfsplitboxwidth=\skip115
\mdfsplitboxtotalwidth=\skip116
\mdfsplitboxheight=\skip117
\mdfsplitboxdepth=\skip118
\mdfsplitboxtotalheight=\skip119
\mdfframetitleboxwidth=\skip120
\mdfframetitleboxtotalwidth=\skip121
\mdfframetitleboxheight=\skip122
\mdfframetitleboxdepth=\skip123
\mdfframetitleboxtotalheight=\skip124
\mdffootnoteboxwidth=\skip125
\mdffootnoteboxtotalwidth=\skip126
\mdffootnoteboxheight=\skip127
\mdffootnoteboxdepth=\skip128
\mdffootnoteboxtotalheight=\skip129
\mdftotallinewidth=\skip130
\mdfboundingboxwidth=\skip131
\mdfboundingboxtotalwidth=\skip132
\mdfboundingboxheight=\skip133
\mdfboundingboxdepth=\skip134
\mdfboundingboxtotalheight=\skip135
\mdf@freevspace@length=\skip136
\mdf@horizontalwidthofbox@length=\skip137
\mdf@verticalmarginwhole@length=\skip138
\mdf@horizontalspaceofbox=\skip139
\mdfsubtitleheight=\skip140
\mdfsubsubtitleheight=\skip141
\c@mdfcountframes=\count432

****** mdframed patching \endmdf@trivlist

****** -- success******

\mdf@envdepth=\count433
\c@mdf@env@i=\count434
\c@mdf@env@ii=\count435
\c@mdf@zref@counter=\count436
Package zref Info: New property: mdf@pagevalue on input line 895.
)
(c:/texlive/2023/texmf-dist/tex/latex/environ/environ.sty
Package: environ 2014/05/04 v0.3 A new way to define environments

(c:/texlive/2023/texmf-dist/tex/latex/trimspaces/trimspaces.sty
Package: trimspaces 2009/09/17 v1.1 Trim spaces around a token list
))
(c:/texlive/2023/texmf-dist/tex/latex/titlesec/titlesec.sty
Package: titlesec 2021/07/05 v2.14 Sectioning titles
\ttl@box=\box59
\beforetitleunit=\skip142
\aftertitleunit=\skip143
\ttl@plus=\dimen162
\ttl@minus=\dimen163
\ttl@toksa=\toks24
\titlewidth=\dimen164
\titlewidthlast=\dimen165
\titlewidthfirst=\dimen166
)
(c:/texlive/2023/texmf-dist/tex/latex/titlesec/titletoc.sty
Package: titletoc 2021/07/05 v2.14 TOC entries
\ttl@leftsep=\dimen167
)
(c:/texlive/2023/texmf-dist/tex/latex/fancyhdr/fancyhdr.sty
Package: fancyhdr 2022/11/09 v4.1 Extensive control of page headers and footers

\f@nch@headwidth=\skip144
\f@nch@O@elh=\skip145
\f@nch@O@erh=\skip146
\f@nch@O@olh=\skip147
\f@nch@O@orh=\skip148
\f@nch@O@elf=\skip149
\f@nch@O@erf=\skip150
\f@nch@O@olf=\skip151
\f@nch@O@orf=\skip152
)
(c:/texlive/2023/texmf-dist/tex/latex/lastpage/lastpage.sty
Package: lastpage 2023/04/12 v2.0b lastpage: 2.09 or 2e? (HMM)

(c:/texlive/2023/texmf-dist/tex/latex/lastpage/lastpage2e.sty
Package: lastpage2e 2023/04/12 v2.0b Decide which 2e lastpage version to use (H
MM)

(c:/texlive/2023/texmf-dist/tex/latex/lastpage/lastpagemodern.sty
Package: lastpagemodern 2023-04-12 v2.0b Refers to last page's name (HMM; JPG)
) 
)) (c:/texlive/2023/texmf-dist/tex/latex/graphics/graphicx.sty
Package: graphicx 2021/09/16 v1.2d Enhanced LaTeX Graphics (DPC,SPQR)

(c:/texlive/2023/texmf-dist/tex/latex/graphics/graphics.sty
Package: graphics 2022/03/10 v1.4e Standard LaTeX Graphics (DPC,SPQR)

(c:/texlive/2023/texmf-dist/tex/latex/graphics/trig.sty
Package: trig 2021/08/11 v1.11 sin cos tan (DPC)
)
(c:/texlive/2023/texmf-dist/tex/latex/graphics-cfg/graphics.cfg
File: graphics.cfg 2016/06/04 v1.11 sample graphics configuration
)
Package graphics Info: Driver file: xetex.def on input line 107.
)
\Gin@req@height=\dimen168
\Gin@req@width=\dimen169
)
(c:/texlive/2023/texmf-dist/tex/latex/eurosym/eurosym.sty
Package: eurosym 1998/08/06 v1.1 European currency symbol ``Euro''
\@eurobox=\box60
)
(c:/texlive/2023/texmf-dist/tex/latex/hyperref/hyperref.sty
Package: hyperref 2023-04-20 v7.00w Hypertext links for LaTeX

(c:/texlive/2023/texmf-dist/tex/generic/pdfescape/pdfescape.sty
Package: pdfescape 2019/12/09 v1.15 Implements pdfTeX's escape features (HO)
)
(c:/texlive/2023/texmf-dist/tex/latex/hycolor/hycolor.sty
Package: hycolor 2020-01-27 v1.10 Color options for hyperref/bookmark (HO)
)
(c:/texlive/2023/texmf-dist/tex/latex/letltxmacro/letltxmacro.sty
Package: letltxmacro 2019/12/03 v1.6 Let assignment for LaTeX macros (HO)
)
(c:/texlive/2023/texmf-dist/tex/latex/hyperref/nameref.sty
Package: nameref 2022-05-17 v2.50 Cross-referencing by name of section

(c:/texlive/2023/texmf-dist/tex/latex/refcount/refcount.sty
Package: refcount 2019/12/15 v3.6 Data extraction from label references (HO)
)
(c:/texlive/2023/texmf-dist/tex/generic/gettitlestring/gettitlestring.sty
Package: gettitlestring 2019/12/15 v1.6 Cleanup title references (HO)
)
\c@section@level=\count437
)
\@linkdim=\dimen170
\Hy@linkcounter=\count438
\Hy@pagecounter=\count439

(c:/texlive/2023/texmf-dist/tex/latex/hyperref/pd1enc.def
File: pd1enc.def 2023-04-20 v7.00w Hyperref: PDFDocEncoding definition (HO)
)
(c:/texlive/2023/texmf-dist/tex/generic/intcalc/intcalc.sty
Package: intcalc 2019/12/15 v1.3 Expandable calculations with integers (HO)
)
\Hy@SavedSpaceFactor=\count440

(c:/texlive/2023/texmf-dist/tex/latex/hyperref/puenc.def
File: puenc.def 2023-04-20 v7.00w Hyperref: PDF Unicode definition (HO)
)
Package hyperref Info: Option `breaklinks' set `true' on input line 4065.
Package hyperref Info: Hyper figures OFF on input line 4182.
Package hyperref Info: Link nesting OFF on input line 4187.
Package hyperref Info: Hyper index ON on input line 4190.
Package hyperref Info: Plain pages OFF on input line 4197.
Package hyperref Info: Backreferencing OFF on input line 4202.
Package hyperref Info: Implicit mode ON; LaTeX internals redefined.
Package hyperref Info: Bookmarks ON on input line 4449.
\c@Hy@tempcnt=\count441
LaTeX Info: Redefining \url on input line 4787.
\XeTeXLinkMargin=\dimen171

(c:/texlive/2023/texmf-dist/tex/generic/bitset/bitset.sty
Package: bitset 2019/12/09 v1.3 Handle bit-vector datatype (HO)

(c:/texlive/2023/texmf-dist/tex/generic/bigintcalc/bigintcalc.sty
Package: bigintcalc 2019/12/15 v1.5 Expandable calculations on big integers (HO
)
))
\Fld@menulength=\count442
\Field@Width=\dimen172
\Fld@charsize=\dimen173
Package hyperref Info: Hyper figures OFF on input line 6066.
Package hyperref Info: Link nesting OFF on input line 6071.
Package hyperref Info: Hyper index ON on input line 6074.
Package hyperref Info: backreferencing OFF on input line 6081.
Package hyperref Info: Link coloring OFF on input line 6086.
Package hyperref Info: Link coloring with OCG OFF on input line 6091.
Package hyperref Info: PDF/A mode OFF on input line 6096.
\Hy@abspage=\count443
\c@Item=\count444
\c@Hfootnote=\count445
)
Package hyperref Info: Driver (autodetected): hxetex.

(c:/texlive/2023/texmf-dist/tex/latex/hyperref/hxetex.def
File: hxetex.def 2023-04-20 v7.00w Hyperref driver for XeTeX

(c:/texlive/2023/texmf-dist/tex/generic/stringenc/stringenc.sty
Package: stringenc 2019/11/29 v1.12 Convert strings between diff. encodings (HO
)
)
\pdfm@box=\box61
\c@Hy@AnnotLevel=\count446
\HyField@AnnotCount=\count447
\Fld@listcount=\count448
\c@bookmark@seq@number=\count449

(c:/texlive/2023/texmf-dist/tex/latex/rerunfilecheck/rerunfilecheck.sty
Package: rerunfilecheck 2022-07-10 v1.10 Rerun checks for auxiliary files (HO)

(c:/texlive/2023/texmf-dist/tex/latex/base/atveryend-ltx.sty
Package: atveryend-ltx 2020/08/19 v1.0a Emulation of the original atveryend pac
kage
with kernel methods
)
(c:/texlive/2023/texmf-dist/tex/generic/uniquecounter/uniquecounter.sty
Package: uniquecounter 2019/12/15 v1.4 Provide unlimited unique counter (HO)
)
Package uniquecounter Info: New unique counter `rerunfilecheck' on input line 2
85.
)
\Hy@SectionHShift=\skip153
)
Package hyperref Info: Option `unicode' set `true' on input line 475.
Package hyperref Info: Option `colorlinks' set `true' on input line 475.

(c:/texlive/2023/texmf-dist/tex/latex/booktabs/booktabs.sty
Package: booktabs 2020/01/12 v1.61803398 Publication quality tables
\heavyrulewidth=\dimen174
\lightrulewidth=\dimen175
\cmidrulewidth=\dimen176
\belowrulesep=\dimen177
\belowbottomsep=\dimen178
\aboverulesep=\dimen179
\abovetopsep=\dimen180
\cmidrulesep=\dimen181
\cmidrulekern=\dimen182
\defaultaddspace=\dimen183
\@cmidla=\count450
\@cmidlb=\count451
\@aboverulesep=\dimen184
\@belowrulesep=\dimen185
\@thisruleclass=\count452
\@lastruleclass=\count453
\@thisrulewidth=\dimen186
))
(c:/texlive/2023/texmf-dist/tex/latex/csquotes/csquotes.sty
Package: csquotes 2022-09-14 v5.2n context-sensitive quotations (JAW)
\csq@reset=\count454
\csq@gtype=\count455
\csq@glevel=\count456
\csq@qlevel=\count457
\csq@maxlvl=\count458
\csq@tshold=\count459
\csq@ltx@everypar=\toks25

(c:/texlive/2023/texmf-dist/tex/latex/csquotes/csquotes.def
File: csquotes.def 2022-09-14 v5.2n csquotes generic definitions (JAW)
)
Package csquotes Info: Trying to load configuration file 'csquotes.cfg'...
Package csquotes Info: ... configuration file loaded successfully.

(c:/texlive/2023/texmf-dist/tex/latex/csquotes/csquotes.cfg
File: csquotes.cfg 
))
(c:/texlive/2023/texmf-dist/tex/latex/lipsum/lipsum.sty
Package: lipsum 2021-09-20 v2.7 150 paragraphs of Lorem Ipsum dummy text
\g__lipsum_par_int=\count460
\l__lipsum_a_int=\count461
\l__lipsum_b_int=\count462

(c:/texlive/2023/texmf-dist/tex/latex/lipsum/lipsum.ltd.tex))
(c:/texlive/2023/texmf-dist/tex/latex/bytefield/bytefield.sty
Package: bytefield 2021/08/17 v2.7 Network protocol diagrams

(c:/texlive/2023/texmf-dist/tex/latex/tools/calc.sty
Package: calc 2017/05/25 v4.3 Infix arithmetic (KKT,FJ)
\calc@Acount=\count463
\calc@Bcount=\count464
\calc@Adimen=\dimen187
\calc@Bdimen=\dimen188
\calc@Askip=\skip154
\calc@Bskip=\skip155
LaTeX Info: Redefining \setlength on input line 80.
LaTeX Info: Redefining \addtolength on input line 81.
\calc@Ccount=\count465
\calc@Cskip=\skip156
)
\bytefield@height=\skip157
\bytefield@height@increment=\skip158
\entire@bytefield@picture=\box62
\bf@bitwidth=\skip159
\bf@bitheight=\skip160
\units@wide=\skip161
\units@tall=\skip162
\units@high=\skip163
\header@xpos=\skip164
\c@header@val=\count466
\c@max@header@val=\count467
\curly@box=\box63
\wordlabelr@start=\skip165
\wordlabelr@end=\skip166
\wordlabell@start=\skip167
\wordlabell@end=\skip168
\total@lbox@width=\skip169
\label@box@width=\skip170
\label@box@height=\skip171
\word@label@box=\box64
)
Package csquotes Info: Checking for multilingual support...
Package csquotes Info: ... found 'babel' package.
Package csquotes Info: Adjusting default style.
Package csquotes Info: Redefining alias 'default' -> 'dutch'.

(./Voorstel-BP-StijnCoppens-2324.aux)
\openout1 = `Voorstel-BP-StijnCoppens-2324.aux'.

LaTeX Font Info:    Checking defaults for OML/cmm/m/it on input line 43.
LaTeX Font Info:    ... okay on input line 43.
LaTeX Font Info:    Checking defaults for OMS/cmsy/m/n on input line 43.
LaTeX Font Info:    ... okay on input line 43.
LaTeX Font Info:    Checking defaults for OT1/cmr/m/n on input line 43.
LaTeX Font Info:    ... okay on input line 43.
LaTeX Font Info:    Checking defaults for T1/cmr/m/n on input line 43.
LaTeX Font Info:    ... okay on input line 43.
LaTeX Font Info:    Checking defaults for TS1/cmr/m/n on input line 43.
LaTeX Font Info:    ... okay on input line 43.
LaTeX Font Info:    Checking defaults for TU/lmr/m/n on input line 43.
LaTeX Font Info:    ... okay on input line 43.
LaTeX Font Info:    Checking defaults for OMX/cmex/m/n on input line 43.
LaTeX Font Info:    ... okay on input line 43.
LaTeX Font Info:    Checking defaults for U/cmr/m/n on input line 43.
LaTeX Font Info:    ... okay on input line 43.
LaTeX Font Info:    Checking defaults for PD1/pdf/m/n on input line 43.
LaTeX Font Info:    ... okay on input line 43.
LaTeX Font Info:    Checking defaults for PU/pdf/m/n on input line 43.
LaTeX Font Info:    ... okay on input line 43.
Package biblatex Info: Trying to load language 'dutch' -> 'dutch-apa'...
Package biblatex Info: ... file 'dutch-apa.lbx' found.

(c:/texlive/2023/texmf-dist/tex/latex/biblatex-apa/dutch-apa.lbx
File: dutch-apa.lbx 2023/03/20 v9.17 APA biblatex localisation
Package biblatex Info: Trying to load language 'dutch'...
Package biblatex Info: ... file 'dutch.lbx' found.

(c:/texlive/2023/texmf-dist/tex/latex/biblatex/lbx/dutch.lbx
File: dutch.lbx 2023/03/05 v3.19 biblatex localization (PK/MW)
)
Package biblatex Info: Trying to load language 'dutch'...
Package biblatex Info: ... file 'dutch.lbx' found.

(c:/texlive/2023/texmf-dist/tex/latex/biblatex/lbx/dutch.lbx
File: dutch.lbx 2023/03/05 v3.19 biblatex localization (PK/MW)
))
Package biblatex Info: XeTeX detected.
(biblatex)             Assuming input encoding 'utf8'.
Package biblatex Info: Automatic encoding selection.
(biblatex)             Assuming data encoding 'utf8'.
\openout3 = `Voorstel-BP-StijnCoppens-2324.bcf'.

Package biblatex Info: Trying to load bibliographic data...
Package biblatex Info: ... file 'Voorstel-BP-StijnCoppens-2324.bbl' found.

(./Voorstel-BP-StijnCoppens-2324.bbl)
Package biblatex Info: Reference section=0 on input line 43.
Package biblatex Info: Reference segment=0 on input line 43.
LaTeX Font Info:    Overwriting math alphabet `\mathsf' in version `normal'
(Font)                  OT1/cmss/m/n --> TU/lmss/m/n on input line 43.
LaTeX Font Info:    Overwriting math alphabet `\mathsf' in version `bold'
(Font)                  OT1/cmss/bx/n --> TU/lmss/b/n on input line 43.

*geometry* driver: auto-detecting
*geometry* detected driver: xetex
*geometry* verbose mode - [ preamble ] result:
* driver: xetex
* paper: a4paper
* layout: <same size as paper>
* layoutoffset:(h,v)=(0.0pt,0.0pt)
* modes: 
* h-part:(L,W,R)=(48.36958pt, 500.7687pt, 48.36958pt)
* v-part:(T,H,B)=(59.75095pt, 725.54495pt, 59.75095pt)
* \paperwidth=597.50787pt
* \paperheight=845.04684pt
* \textwidth=500.7687pt
* \textheight=725.54495pt
* \oddsidemargin=-23.9004pt
* \evensidemargin=-23.9004pt
* \topmargin=-50.51904pt
* \headheight=13.0pt
* \headsep=25.0pt
* \topskip=10.0pt
* \footskip=37.0pt
* \marginparwidth=57.0pt
* \marginparsep=11.0pt
* \columnsep=10.0pt
* \skip\footins=9.0pt plus 4.0pt minus 2.0pt
* \hoffset=0.0pt
* \voffset=0.0pt
* \mag=1000
* \@twocolumntrue
* \@twosidefalse
* \@mparswitchfalse
* \@reversemarginfalse
* (1in=72.27pt=25.4mm, 1cm=28.453pt)

Package hyperref Info: Link coloring ON on input line 43.
(./Voorstel-BP-StijnCoppens-2324.out) (./Voorstel-BP-StijnCoppens-2324.out)
\@outlinefile=\write4
\openout4 = `Voorstel-BP-StijnCoppens-2324.out'.

LaTeX Font Info:    Font shape `TU/FiraMath(2)/m/n' will be
(Font)              scaled to size 9.00096pt on input line 60.
LaTeX Font Info:    Font shape `TU/FiraMath(2)/m/n' will be
(Font)              scaled to size 6.00064pt on input line 60.
LaTeX Font Info:    Font shape `TU/FiraMath(2)/m/n' will be
(Font)              scaled to size 5.00053pt on input line 60.
LaTeX Font Info:    Font shape `TU/FiraMath(3)/m/n' will be
(Font)              scaled to size 8.99904pt on input line 60.
LaTeX Font Info:    Font shape `TU/FiraMath(3)/m/n' will be
(Font)              scaled to size 5.99936pt on input line 60.
LaTeX Font Info:    Font shape `TU/FiraMath(3)/m/n' will be
(Font)              scaled to size 4.99947pt on input line 60.
Package mdframed Info: mdframed inside a box 
 mdframed uses option nobreak mdframed on input line 60.

(./Voorstel-BP-StijnCoppens-2324.toc)
\tf@toc=\write5
\openout5 = `Voorstel-BP-StijnCoppens-2324.toc'.


Overfull \hbox (2.07234pt too wide) in paragraph at lines 69--70
\TU/Montserrat(2)/m/n/10 onder andere geautomatiseerde oplossingen voor
 []


Overfull \hbox (1.959pt too wide) in paragraph at lines 73--74
\TU/Montserrat(2)/m/n/10 geautomatiseerde scripts het tijdverbruik voor het
 []

File: ./img//HOGENT_Logo_Pos_rgb.png Graphic file (type bmp)
<./img//HOGENT_Logo_Pos_rgb.png>
[1


]
Overfull \hbox (5.85571pt too wide) in paragraph at lines 79--80
\TU/Montserrat(2)/m/n/10 len elk een subnetwerk (een aantal opeenvolgende
 []


Overfull \hbox (0.8924pt too wide) in paragraph at lines 81--84
\TU/Montserrat(2)/m/n/10 teksten om de gevraagde wijzigingen aan te bren-
 []


Underfull \hbox (badness 1009) in paragraph at lines 97--99
\TU/Montserrat(2)/m/n/10 commandos zullen uitvoeren op EIP. Door de
 []


Overfull \hbox (3.31123pt too wide) in paragraph at lines 100--101
\TU/Montserrat(2)/m/n/10 ten de aanvrager wijzigingen kan aanvragen. Deze
 []

File: ./img//HOGENT_Logo_Pos_rgb.png Graphic file (type bmp)
<./img//HOGENT_Logo_Pos_rgb.png>
[2]
Overfull \hbox (3.2437pt too wide) in paragraph at lines 105--106
\TU/Montserrat(2)/m/n/10 taken, zoals het reserveren van internetadres-
 []


Underfull \hbox (badness 10000) in paragraph at lines 137--140

 []


Overfull \hbox (0.58237pt too wide) in paragraph at lines 144--145
[]\TU/Montserrat(2)/b/n/10 MX\TU/Montserrat(2)/m/n/10 : Dit resource record is 
een \TU/Montserrat(2)/m/it/10 mail exchange
 []


Overfull \hbox (3.21568pt too wide) in paragraph at lines 153--154
[]\TU/Montserrat(2)/m/n/10 IP-netwerken worden door netwerkbeheerders
 []


Overfull \hbox (0.53233pt too wide) in paragraph at lines 159--160
[]\TU/Montserrat(2)/b/n/10 Automatisch\TU/Montserrat(2)/m/n/10 : Permanent toew
ijzen van een
 []

File: ./img//HOGENT_Logo_Pos_rgb.png Graphic file (type bmp)
<./img//HOGENT_Logo_Pos_rgb.png>
[3]
Overfull \hbox (2.23705pt too wide) in paragraph at lines 170--172
\TU/Montserrat(2)/m/n/10 gebruikt. HTTPS bouwt voort op HTTP, maar voegt
 []


Overfull \hbox (5.38367pt too wide) in paragraph at lines 181--182
\TU/Montserrat(2)/m/n/10 scripttalen, gentegreerde Git-ondersteuning,
 []


Overfull \hbox (2.479pt too wide) in paragraph at lines 181--182
\TU/Montserrat(2)/m/n/10 debug- en extensie mogelijkheden wordt ge-
 []


Overfull \hbox (4.3112pt too wide) in paragraph at lines 182--183
\TU/Montserrat(2)/m/n/10 krachtige programmeertaal. De beschikbaar-
 []


Overfull \hbox (1.99902pt too wide) in paragraph at lines 187--188
\TU/Montserrat(2)/m/n/10 eerst gerichte testen gedaan waarbij commandos
 []

File: ./img//HOGENT_Logo_Pos_rgb.png Graphic file (type bmp)
<./img//HOGENT_Logo_Pos_rgb.png>
[4]
Overfull \hbox (1.62125pt too wide) in paragraph at lines 197--198
\TU/Montserrat(2)/m/n/10 van de Python-scripts geschreven. Deze fase voor-
 []

File: ./img//Gantt.png Graphic file (type bmp)
<./img//Gantt.png>
LaTeX Font Info:    Font shape `TU/FiraMath(2)/m/n' will be
(Font)              scaled to size 10.00107pt on input line 242.
LaTeX Font Info:    Font shape `TU/FiraMath(2)/m/n' will be
(Font)              scaled to size 7.20076pt on input line 242.
LaTeX Font Info:    Font shape `TU/FiraMath(2)/m/n' will be
(Font)              scaled to size 5.80061pt on input line 242.
LaTeX Font Info:    Font shape `TU/FiraMath(3)/m/n' will be
(Font)              scaled to size 9.99893pt on input line 242.
LaTeX Font Info:    Font shape `TU/FiraMath(3)/m/n' will be
(Font)              scaled to size 7.19922pt on input line 242.
LaTeX Font Info:    Font shape `TU/FiraMath(3)/m/n' will be
(Font)              scaled to size 5.79938pt on input line 242.

Overfull \hbox (1.53877pt too wide) in paragraph at lines 242--242
[][]\TU/Montserrat(2)/m/n/10 Droms, R. (1997). \TU/Montserrat(2)/m/it/10 Dynami
c Host Configuration Pro-
 []

File: ./img//HOGENT_Logo_Pos_rgb.png Graphic file (type bmp)
<./img//HOGENT_Logo_Pos_rgb.png>
[5] 
enddocument/afterlastpage: lastpage setting LastPage.
(./Voorstel-BP-StijnCoppens-2324.aux)
Package rerunfilecheck Info: File `Voorstel-BP-StijnCoppens-2324.out' has not c
hanged.
(rerunfilecheck)             Checksum: 2B6622E5CA371CFEBBF2E2924E8D7253;2580.
Package logreq Info: Writing requests to 'Voorstel-BP-StijnCoppens-2324.run.xml
'.
\openout1 = `Voorstel-BP-StijnCoppens-2324.run.xml'.

 ) 
Here is how much of TeX's memory you used:
 28363 strings out of 476660
 540439 string characters out of 5806780
 1877698 words of memory out of 5000000
 48220 multiletter control sequences out of 15000+600000
 515767 words of font info for 92 fonts, out of 8000000 for 9000
 1348 hyphenation exceptions out of 8191
 99i,12n,128p,864b,5549s stack positions out of 10000i,1000n,20000p,200000b,200000s

Output written on Voorstel-BP-StijnCoppens-2324.pdf (5 pages).
